{
  "RSpec": {
    "coverage": {
      "/home/ne4ajb/Documents/rubyschool/initiatives/app/controllers/home_controller.rb": [
        1,
        1,
        7,
        7,
        7,
        null,
        null
      ],
      "/home/ne4ajb/Documents/rubyschool/initiatives/app/controllers/application_controller.rb": [
        1,
        null,
        null,
        1,
        null,
        1,
        null,
        1,
        0,
        0,
        null,
        1,
        null,
        1,
        null,
        1,
        19,
        9,
        10,
        4,
        null,
        6,
        null,
        null,
        null,
        1,
        0,
        0,
        0,
        null,
        null,
        null,
        1,
        24,
        null,
        null
      ],
      "/home/ne4ajb/Documents/rubyschool/initiatives/app/controllers/user_panels_controller.rb": [
        1,
        1,
        null,
        1,
        2,
        null,
        2,
        2,
        null,
        null,
        1,
        2,
        null,
        null
      ],
      "/home/ne4ajb/Documents/rubyschool/initiatives/app/models/initiative.rb": [
        1,
        1,
        1,
        null,
        1,
        1,
        1,
        1,
        null,
        1,
        null,
        1,
        1,
        1,
        1,
        1,
        1,
        1,
        1,
        null,
        1,
        1,
        null,
        null,
        1,
        1,
        null,
        null,
        1,
        1,
        null,
        null,
        1,
        1,
        null,
        null,
        1,
        1,
        null,
        null,
        1,
        1,
        null,
        null,
        null,
        1,
        1,
        1,
        1,
        1,
        1,
        null,
        1,
        null,
        null,
        null,
        null,
        1,
        null,
        1,
        null,
        1,
        15,
        15,
        null,
        null,
        1,
        15,
        15,
        null,
        null,
        1,
        15,
        15,
        null,
        null,
        1,
        null
      ],
      "/home/ne4ajb/Documents/rubyschool/initiatives/app/models/category.rb": [
        1,
        1,
        1,
        null,
        1,
        null
      ],
      "/home/ne4ajb/Documents/rubyschool/initiatives/app/models/initiative_category.rb": [
        1,
        1,
        1,
        null,
        1,
        null
      ],
      "/home/ne4ajb/Documents/rubyschool/initiatives/app/models/initiative_image.rb": [
        1,
        1,
        1,
        null,
        1,
        null,
        1,
        null,
        null,
        null,
        null,
        1,
        null,
        1,
        null
      ],
      "/home/ne4ajb/Documents/rubyschool/initiatives/app/models/role.rb": [
        1,
        1,
        1,
        null,
        1,
        null,
        null,
        1,
        null,
        null,
        null,
        1,
        null
      ],
      "/home/ne4ajb/Documents/rubyschool/initiatives/app/models/timeline.rb": [
        1,
        1,
        null
      ],
      "/home/ne4ajb/Documents/rubyschool/initiatives/app/controllers/admins_controller.rb": [
        1,
        1,
        null,
        1,
        0,
        null,
        null,
        1,
        null,
        null,
        1,
        null,
        null,
        1,
        0,
        0,
        0,
        0,
        0,
        null,
        0,
        0,
        null,
        null,
        null,
        1,
        null,
        null,
        1,
        0,
        0,
        0,
        null,
        0,
        0,
        null,
        null,
        null,
        1,
        0,
        0,
        0,
        null,
        0,
        null,
        null,
        null,
        1,
        null,
        1,
        0,
        null,
        null
      ],
      "/home/ne4ajb/Documents/rubyschool/initiatives/app/controllers/categories_controller.rb": [
        1,
        1,
        null,
        1,
        0,
        null,
        null,
        1,
        null,
        null,
        1,
        null,
        null,
        1,
        0,
        0,
        0,
        0,
        null,
        0,
        0,
        null,
        null,
        null,
        1,
        null,
        null,
        1,
        0,
        0,
        0,
        null,
        0,
        0,
        null,
        null,
        null,
        1,
        0,
        0,
        0,
        null,
        0,
        null,
        null,
        null,
        1,
        null,
        1,
        0,
        null,
        null
      ],
      "/home/ne4ajb/Documents/rubyschool/initiatives/app/controllers/initiatives_controller.rb": [
        1,
        1,
        1,
        1,
        null,
        1,
        null,
        1,
        null,
        null,
        1,
        null,
        null,
        1,
        null,
        null,
        1,
        0,
        0,
        0,
        0,
        0,
        0,
        null,
        0,
        0,
        null,
        null,
        null,
        1,
        0,
        null,
        null,
        1,
        0,
        0,
        0,
        0,
        0,
        0,
        null,
        0,
        0,
        null,
        null,
        null,
        1,
        0,
        0,
        0,
        null,
        0,
        null,
        null,
        null,
        1,
        2,
        null,
        null,
        1,
        0,
        0,
        0,
        null,
        0,
        null,
        null,
        null,
        1,
        null,
        1,
        0,
        0,
        null,
        null,
        1,
        0,
        0,
        0,
        null,
        null,
        1,
        1,
        null,
        null,
        1,
        0,
        0,
        0,
        null,
        null,
        null,
        null,
        1,
        0,
        0,
        0,
        null,
        null,
        null,
        null
      ],
      "/home/ne4ajb/Documents/rubyschool/initiatives/app/controllers/concerns/ability_state_to_initiatives.rb": [
        1,
        1,
        null,
        1,
        0,
        0,
        0,
        null,
        0,
        null,
        null,
        null,
        1,
        1,
        1,
        1,
        null,
        0,
        null,
        null,
        null,
        1,
        0,
        0,
        0,
        null,
        0,
        null,
        null,
        null
      ],
      "/home/ne4ajb/Documents/rubyschool/initiatives/app/controllers/search_controller.rb": [
        1,
        1,
        null,
        1,
        0,
        0,
        0,
        null,
        null,
        1,
        0,
        0,
        0,
        null,
        0,
        null,
        0,
        null,
        null,
        1,
        null,
        1,
        0,
        null,
        null,
        null,
        1,
        0,
        null,
        null,
        0,
        null,
        null,
        null
      ],
      "/home/ne4ajb/Documents/rubyschool/initiatives/app/mailers/user_mailer.rb": [
        1,
        1,
        null,
        1,
        null,
        1,
        9,
        9,
        null,
        null
      ],
      "/home/ne4ajb/Documents/rubyschool/initiatives/app/models/ability.rb": [
        1,
        1,
        null,
        1,
        9,
        9,
        3,
        6,
        4,
        null,
        2,
        null,
        null,
        null,
        1,
        null,
        1,
        3,
        3,
        null,
        null,
        1,
        4,
        4,
        4,
        4,
        4,
        4,
        4,
        null,
        null,
        1,
        2,
        2,
        null,
        null
      ],
      "/home/ne4ajb/Documents/rubyschool/initiatives/app/helpers/nav_helper.rb": [
        0,
        0,
        0,
        0,
        0,
        0,
        0,
        0,
        0,
        0,
        0,
        0,
        0,
        0,
        0,
        0,
        0,
        0,
        0,
        0,
        0,
        0,
        0,
        0,
        0,
        0,
        0,
        0,
        0,
        0,
        0,
        0,
        0,
        0,
        0,
        0,
        0,
        0,
        0,
        0,
        0,
        0,
        0,
        0,
        0,
        0,
        0,
        0,
        0,
        0,
        0,
        0,
        0,
        0,
        0,
        0,
        0,
        0,
        0,
        0,
        0,
        0,
        0,
        0,
        0,
        0,
        0,
        0,
        0,
        0,
        0,
        0
      ],
      "/home/ne4ajb/Documents/rubyschool/initiatives/app/helpers/initiatives_helper.rb": [
        0,
        0,
        0,
        0,
        0,
        0,
        0,
        0,
        0,
        0,
        0,
        0,
        0,
        0,
        0,
        0,
        0,
        0,
        0,
        0,
        0,
        0,
        0,
        0,
        0,
        0,
        0,
        0,
        0,
        0,
        0,
        0,
        0,
        0,
        0,
        0,
        0,
        0,
        0,
        0,
        0,
        0,
        0,
        0,
        0,
        0,
        0,
        0,
        0,
        0
      ],
      "/home/ne4ajb/Documents/rubyschool/initiatives/app/helpers/devise_helper.rb": [
        0,
        0,
        0,
        0,
        0,
        0,
        0,
        0,
        0,
        0,
        0,
        0,
        0,
        0,
        0,
        0,
        0,
        0,
        0,
        0,
        0,
        0,
        0,
        0
      ],
      "/home/ne4ajb/Documents/rubyschool/initiatives/app/controllers/users/registrations_controller.rb": [
        0,
        0,
        0,
        0,
        0,
        0,
        0,
        0,
        0,
        0,
        0
      ],
      "/home/ne4ajb/Documents/rubyschool/initiatives/app/models/user.rb": [
        0,
        0,
        0,
        0,
        0,
        0,
        0,
        0,
        0,
        0,
        0,
        0,
        0,
        0,
        0,
        0,
        0,
        0,
        0,
        0,
        0,
        0,
        0,
        0,
        0,
        0,
        0,
        0,
        0
      ]
    },
    "timestamp": 1469440322
  }
}
