{
  "RSpec": {
    "coverage": {
      "/home/ne4ajb/Documents/rubyschool/initiatives/app/models/user.rb": [
        1,
        1,
        1,
        null,
        1,
        20,
        null,
        null,
        1,
        20,
        null,
        null,
        1,
        1,
        null,
        1,
        1,
        null,
        null,
        1,
        null,
        null,
        1,
        null,
        null,
        null,
        null,
        1,
        null
      ],
      "/home/ne4ajb/Documents/rubyschool/initiatives/app/helpers/devise_helper.rb": [
        1,
        1,
        0,
        null,
        0,
        0,
        null,
        null,
        null,
        0,
        null,
        0,
        null,
        null,
        1,
        null,
        null,
        null,
        0,
        null,
        null,
        null,
        null,
        null
      ],
      "/home/ne4ajb/Documents/rubyschool/initiatives/app/helpers/initiatives_helper.rb": [
        1,
        1,
        2,
        null,
        null,
        1,
        0,
        0,
        null,
        null,
        null,
        1,
        0,
        0,
        0,
        0,
        null,
        0,
        0,
        0,
        0,
        0,
        0,
        0,
        0,
        null,
        null,
        null,
        1,
        1,
        0,
        null,
        1,
        null,
        null,
        null,
        1,
        5,
        null,
        null,
        null,
        null,
        null,
        null,
        null,
        null,
        null,
        null,
        null,
        null,
        null,
        5,
        null,
        null,
        1,
        2,
        0,
        null,
        null,
        null
      ],
      "/home/ne4ajb/Documents/rubyschool/initiatives/app/helpers/nav_helper.rb": [
        1,
        1,
        32,
        null,
        32,
        32,
        32,
        null,
        null,
        null,
        null,
        1,
        0,
        null,
        0,
        null,
        null,
        null,
        0,
        0,
        null,
        0,
        0,
        null,
        null,
        null,
        1,
        13,
        2,
        2,
        2,
        2,
        2,
        2,
        0,
        0,
        0,
        0,
        0,
        0,
        0,
        0,
        0,
        0,
        0,
        0,
        0,
        0,
        0,
        0,
        0,
        0,
        null,
        0,
        0,
        0,
        0,
        0,
        null,
        null,
        11,
        null,
        null,
        null,
        1,
        13,
        6,
        null,
        7,
        null,
        null,
        null
      ],
      "/home/ne4ajb/Documents/rubyschool/initiatives/app/controllers/admins_controller.rb": [
        1,
        1,
        null,
        1,
        2,
        null,
        null,
        1,
        null,
        null,
        1,
        null,
        null,
        1,
        0,
        0,
        0,
        0,
        0,
        null,
        0,
        0,
        null,
        null,
        null,
        1,
        null,
        null,
        1,
        0,
        0,
        0,
        null,
        0,
        0,
        null,
        null,
        null,
        1,
        0,
        0,
        0,
        null,
        0,
        null,
        null,
        null,
        1,
        null,
        1,
        0,
        null,
        null
      ],
      "/home/ne4ajb/Documents/rubyschool/initiatives/app/controllers/application_controller.rb": [
        1,
        null,
        null,
        1,
        null,
        1,
        null,
        1,
        null,
        1,
        1,
        1,
        null,
        1,
        null,
        1,
        null,
        1,
        35,
        15,
        20,
        8,
        null,
        12,
        null,
        null,
        null,
        1,
        2,
        2,
        2,
        null,
        null,
        null,
        1,
        41,
        null,
        null
      ],
      "/home/ne4ajb/Documents/rubyschool/initiatives/app/controllers/concerns/check_whether_the_initiative_is_over.rb": [
        1,
        1,
        1,
        1,
        null,
        null,
        1,
        null,
        1,
        41,
        41,
        null,
        null
      ],
      "/home/ne4ajb/Documents/rubyschool/initiatives/app/controllers/categories_controller.rb": [
        1,
        1,
        null,
        1,
        2,
        null,
        null,
        1,
        null,
        null,
        1,
        null,
        null,
        1,
        0,
        0,
        0,
        0,
        null,
        0,
        0,
        null,
        null,
        null,
        1,
        null,
        null,
        1,
        0,
        0,
        0,
        null,
        0,
        0,
        null,
        null,
        null,
        1,
        0,
        0,
        0,
        null,
        0,
        null,
        null,
        null,
        1,
        null,
        1,
        0,
        null,
        null
      ],
      "/home/ne4ajb/Documents/rubyschool/initiatives/app/controllers/home_controller.rb": [
        1,
        1,
        10,
        10,
        10,
        null,
        null
      ],
      "/home/ne4ajb/Documents/rubyschool/initiatives/app/controllers/initiatives_controller.rb": [
        1,
        1,
        1,
        1,
        null,
        1,
        null,
        1,
        null,
        null,
        1,
        null,
        null,
        1,
        null,
        null,
        1,
        0,
        0,
        0,
        0,
        0,
        0,
        null,
        0,
        0,
        null,
        null,
        null,
        1,
        0,
        null,
        null,
        1,
        0,
        0,
        0,
        0,
        0,
        0,
        null,
        0,
        0,
        null,
        null,
        null,
        1,
        0,
        0,
        0,
        null,
        0,
        null,
        null,
        null,
        1,
        2,
        null,
        null,
        1,
        0,
        0,
        0,
        null,
        0,
        null,
        null,
        null,
        1,
        null,
        1,
        2,
        2,
        null,
        null,
        1,
        0,
        0,
        0,
        null,
        null,
        1,
        1,
        null,
        null,
        1,
        0,
        0,
        0,
        null,
        null,
        null,
        null,
        1,
        0,
        0,
        0,
        null,
        null,
        null,
        null
      ],
      "/home/ne4ajb/Documents/rubyschool/initiatives/app/controllers/concerns/ability_state_to_initiatives.rb": [
        1,
        1,
        null,
        1,
        0,
        0,
        0,
        null,
        0,
        null,
        null,
        null,
        1,
        1,
        1,
        1,
        1,
        null,
        0,
        null,
        null,
        null,
        1,
        0,
        0,
        0,
        null,
        0,
        null,
        null,
        null,
        1,
        0,
        null,
        null,
        1,
        0,
        0,
        0,
        null,
        0,
        null,
        null,
        null
      ],
      "/home/ne4ajb/Documents/rubyschool/initiatives/app/controllers/search_controller.rb": [
        1,
        1,
        null,
        1,
        2,
        2,
        2,
        null,
        null,
        1,
        0,
        0,
        0,
        null,
        0,
        null,
        0,
        null,
        null,
        1,
        null,
        1,
        2,
        null,
        null,
        null,
        1,
        0,
        null,
        null,
        0,
        null,
        null,
        null
      ],
      "/home/ne4ajb/Documents/rubyschool/initiatives/app/controllers/user_panels_controller.rb": [
        1,
        1,
        null,
        1,
        2,
        null,
        2,
        2,
        null,
        null,
        1,
        2,
        null,
        null,
        1,
        0,
        null,
        null
      ],
      "/home/ne4ajb/Documents/rubyschool/initiatives/app/models/initiative.rb": [
        1,
        1,
        1,
        null,
        1,
        1,
        1,
        1,
        1,
        null,
        1,
        null,
        1,
        1,
        1,
        1,
        1,
        1,
        1,
        1,
        1,
        null,
        1,
        1,
        null,
        null,
        1,
        1,
        null,
        null,
        1,
        1,
        null,
        null,
        1,
        1,
        null,
        null,
        1,
        1,
        null,
        null,
        1,
        1,
        null,
        null,
        1,
        1,
        null,
        null,
        null,
        1,
        1,
        1,
        1,
        1,
        1,
        null,
        1,
        null,
        null,
        null,
        null,
        1,
        null,
        1,
        null,
        1,
        26,
        26,
        null,
        null,
        1,
        26,
        26,
        null,
        null,
        1,
        26,
        26,
        null,
        null,
        1,
        null
      ],
      "/home/ne4ajb/Documents/rubyschool/initiatives/app/controllers/users/registrations_controller.rb": [
        1,
        1,
        1,
        null,
        1,
        null,
        1,
        0,
        null,
        null,
        null
      ],
      "/home/ne4ajb/Documents/rubyschool/initiatives/app/models/category.rb": [
        1,
        1,
        1,
        null,
        1,
        null
      ],
      "/home/ne4ajb/Documents/rubyschool/initiatives/app/models/initiative_category.rb": [
        1,
        1,
        1,
        null,
        1,
        null
      ],
      "/home/ne4ajb/Documents/rubyschool/initiatives/app/models/initiative_image.rb": [
        1,
        1,
        1,
        null,
        1,
        null,
        1,
        null,
        null,
        null,
        null,
        1,
        null,
        1,
        null
      ],
      "/home/ne4ajb/Documents/rubyschool/initiatives/app/models/role.rb": [
        1,
        1,
        1,
        null,
        1,
        null,
        null,
        1,
        null,
        null,
        null,
        1,
        null
      ],
      "/home/ne4ajb/Documents/rubyschool/initiatives/app/models/timeline.rb": [
        1,
        1,
        null,
        1,
        null
      ],
      "/home/ne4ajb/Documents/rubyschool/initiatives/app/mailers/user_mailer.rb": [
        1,
        1,
        null,
        1,
        null,
        1,
        20,
        20,
        null,
        null
      ],
      "/home/ne4ajb/Documents/rubyschool/initiatives/app/models/ability.rb": [
        1,
        1,
        null,
        1,
        20,
        20,
        7,
        13,
        11,
        null,
        2,
        null,
        null,
        null,
        1,
        null,
        1,
        7,
        7,
        null,
        null,
        1,
        11,
        11,
        11,
        11,
        11,
        11,
        11,
        11,
        null,
        null,
        1,
        2,
        2,
        null,
        null
      ],
      "/home/ne4ajb/Documents/rubyschool/initiatives/app/controllers/timeline_controller.rb": [
        0,
        0,
        0,
        0,
        0,
        0,
        0,
        0,
        0,
        0,
        0,
        0,
        0,
        0,
        0,
        0
      ]
    },
    "timestamp": 1469632828
  }
}
